This file contains any messages produced by compilers while
running configure, to aid debugging if configure makes a mistake.

It was created by libmikmod configure 3.3.7, which was
generated by GNU Autoconf 2.69.  Invocation command line was

  $ ./configure --enable-alsa --enable-sdl --disable-sdl2 --host=mipsel-linux

## --------- ##
## Platform. ##
## --------- ##

hostname = hatsune-R510-P510
uname -m = x86_64
uname -r = 3.19.0-26-lowlatency
uname -s = Linux
uname -v = #28~14.04.1-Ubuntu SMP PREEMPT Wed Aug 12 14:46:53 UTC 2015

/usr/bin/uname -p = unknown
/bin/uname -X     = unknown

/bin/arch              = unknown
/usr/bin/arch -k       = unknown
/usr/convex/getsysinfo = unknown
/usr/bin/hostinfo      = unknown
/bin/machine           = unknown
/usr/bin/oslevel       = unknown
/bin/universe          = unknown

PATH: /home/hatsune/Documents/DEV/gcw0-toolchain/usr/bin
PATH: /usr/local/pspdev/bin
PATH: /home/hatsune/casio-gcc/bin
PATH: /home/autobuild/tools/win32/bin
PATH: /opt/sdcc/bin
PATH: /home/hatsune/Documents/DEV/pmdev/bin
PATH: /opt/cegcc/bin
PATH: /home/hatsune/Ndless/ndless-sdk/toolchain/install/bin
PATH: /home/hatsune/Ndless/ndless-sdk/bin
PATH: /home/hatsune/bin
PATH: /usr/local/sbin
PATH: /usr/local/bin
PATH: /usr/sbin
PATH: /usr/bin
PATH: /sbin
PATH: /bin
PATH: /usr/games
PATH: /usr/local/games
PATH: /usr/local/pspdev/bin
PATH: /opt/toolchains/dc/kos/utils/gnu_wrappers


## ----------- ##
## Core tests. ##
## ----------- ##

configure:2459: checking for a BSD-compatible install
configure:2528: result: /usr/bin/install -c
configure:2539: checking whether build environment is sane
configure:2589: result: yes
configure:2638: checking for mipsel-linux-strip
configure:2655: found /home/hatsune/Documents/DEV/gcw0-toolchain/usr/bin/mipsel-linux-strip
configure:2666: result: mipsel-linux-strip
configure:2732: checking for a thread-safe mkdir -p
configure:2772: result: /bin/mkdir -p
configure:2785: checking for gawk
configure:2802: found /home/hatsune/Documents/DEV/gcw0-toolchain/usr/bin/gawk
configure:2813: result: gawk
configure:2824: checking whether make sets $(MAKE)
configure:2847: result: yes
configure:2931: checking whether to enable maintainer-specific portions of Makefiles
configure:2941: result: no
configure:2976: checking build system type
configure:2991: result: x86_64-unknown-linux-gnu
configure:3011: checking host system type
configure:3025: result: mipsel-unknown-linux-gnu
configure:3519: checking for mipsel-linux-gcc
configure:3536: found /home/hatsune/Documents/DEV/gcw0-toolchain/usr/bin/mipsel-linux-gcc
configure:3547: result: mipsel-linux-gcc
configure:3821: checking for C compiler version
configure:3830: mipsel-linux-gcc --version >&5
mipsel-linux-gcc (Buildroot 2014.05-gbb847d4) 4.9.1
Copyright (C) 2014 Free Software Foundation, Inc.
This is free software; see the source for copying conditions.  There is NO
warranty; not even for MERCHANTABILITY or FITNESS FOR A PARTICULAR PURPOSE.

configure:3841: $? = 0
configure:3830: mipsel-linux-gcc -v >&5
Using built-in specs.
COLLECT_GCC=mipsel-linux-gcc
COLLECT_LTO_WRAPPER=/home/hatsune/Documents/DEV/gcw0-toolchain/usr/bin/../libexec/gcc/mipsel-gcw0-linux-uclibc/4.9.1/lto-wrapper
Target: mipsel-gcw0-linux-uclibc
Configured with: ./configure --prefix=/opt/gcw0-toolchain/usr --sysconfdir=/opt/gcw0-toolchain/etc --enable-shared --enable-static --target=mipsel-gcw0-linux-uclibc --with-sysroot=/opt/gcw0-toolchain/usr/mipsel-gcw0-linux-uclibc/sysroot --disable-__cxa_atexit --with-gnu-ld --disable-libssp --disable-multilib --with-gmp=/opt/gcw0-toolchain/usr --with-mpfr=/opt/gcw0-toolchain/usr --enable-target-optspace --disable-libsanitizer --enable-tls --disable-libmudflap --enable-threads --with-mpc=/opt/gcw0-toolchain/usr --disable-decimal-float --with-arch=mips32r2 --with-tune=mips32r2 --with-abi=32 --with-pkgversion='Buildroot 2014.05-gbb847d4' --with-bugurl=http://bugs.buildroot.net/ --enable-languages=c,c++ --with-build-time-tools=/opt/gcw0-toolchain/usr/mipsel-gcw0-linux-uclibc/bin --disable-libgomp --enable-lto
Thread model: posix
gcc version 4.9.1 (Buildroot 2014.05-gbb847d4) 
configure:3841: $? = 0
configure:3830: mipsel-linux-gcc -V >&5
mipsel-linux-gcc: error: unrecognized command line option '-V'
mipsel-linux-gcc: fatal error: no input files
compilation terminated.
configure:3841: $? = 1
configure:3830: mipsel-linux-gcc -qversion >&5
mipsel-linux-gcc: error: unrecognized command line option '-qversion'
mipsel-linux-gcc: fatal error: no input files
compilation terminated.
configure:3841: $? = 1
configure:3861: checking whether the C compiler works
configure:3883: mipsel-linux-gcc    conftest.c  >&5
configure:3887: $? = 0
configure:3937: result: yes
configure:3940: checking for C compiler default output file name
configure:3942: result: a.out
configure:3948: checking for suffix of executables
configure:3955: mipsel-linux-gcc -o conftest    conftest.c  >&5
configure:3959: $? = 0
configure:3982: result: 
configure:4004: checking whether we are cross compiling
configure:4044: result: yes
configure:4049: checking for suffix of object files
configure:4072: mipsel-linux-gcc -c   conftest.c >&5
configure:4076: $? = 0
configure:4098: result: o
configure:4102: checking whether we are using the GNU C compiler
configure:4122: mipsel-linux-gcc -c   conftest.c >&5
configure:4122: $? = 0
configure:4132: result: yes
configure:4141: checking whether mipsel-linux-gcc accepts -g
configure:4162: mipsel-linux-gcc -c -g  conftest.c >&5
configure:4162: $? = 0
configure:4206: result: yes
configure:4223: checking for mipsel-linux-gcc option to accept ISO C89
configure:4287: mipsel-linux-gcc  -c -g -O2  conftest.c >&5
configure:4287: $? = 0
configure:4301: result: none needed
configure:4333: checking for style of include used by make
configure:4361: result: GNU
configure:4388: checking dependency style of mipsel-linux-gcc
configure:4500: result: gcc3
configure:4516: checking whether ln -s works
configure:4520: result: yes
configure:4527: checking whether make sets $(MAKE)
configure:4550: result: yes
configure:4915: checking how to print strings
configure:4942: result: printf
configure:4963: checking for a sed that does not truncate output
configure:5029: result: /bin/sed
configure:5047: checking for grep that handles long lines and -e
configure:5107: result: /bin/grep
configure:5112: checking for egrep
configure:5176: result: /bin/grep -E
configure:5181: checking for fgrep
configure:5245: result: /bin/grep -F
configure:5281: checking for ld used by mipsel-linux-gcc
configure:5349: result: /home/hatsune/Documents/DEV/gcw0-toolchain/usr/mipsel-gcw0-linux-uclibc/bin/ld
configure:5356: checking if the linker (/home/hatsune/Documents/DEV/gcw0-toolchain/usr/mipsel-gcw0-linux-uclibc/bin/ld) is GNU ld
configure:5372: result: yes
configure:5384: checking for BSD- or MS-compatible name lister (nm)
configure:5439: result: /home/hatsune/Documents/DEV/gcw0-toolchain/usr/bin/mipsel-linux-nm -B
configure:5571: checking the name lister (/home/hatsune/Documents/DEV/gcw0-toolchain/usr/bin/mipsel-linux-nm -B) interface
configure:5579: mipsel-linux-gcc -c -g -O2  conftest.c >&5
configure:5582: /home/hatsune/Documents/DEV/gcw0-toolchain/usr/bin/mipsel-linux-nm -B "conftest.o"
configure:5585: output
00000000 B some_variable
configure:5592: result: BSD nm
configure:5596: checking the maximum length of command line arguments
configure:5728: result: 1572864
configure:5776: checking how to convert x86_64-unknown-linux-gnu file names to mipsel-unknown-linux-gnu format
configure:5817: result: func_convert_file_noop
configure:5824: checking how to convert x86_64-unknown-linux-gnu file names to toolchain format
configure:5845: result: func_convert_file_noop
configure:5852: checking for /home/hatsune/Documents/DEV/gcw0-toolchain/usr/mipsel-gcw0-linux-uclibc/bin/ld option to reload object files
configure:5860: result: -r
configure:5894: checking for mipsel-linux-objdump
configure:5922: result: objdump
configure:5992: checking how to recognize dependent libraries
configure:6193: result: pass_all
configure:6238: checking for mipsel-linux-dlltool
configure:6266: result: dlltool
configure:6337: checking how to associate runtime and link libraries
configure:6365: result: printf %s\n
configure:6382: checking for mipsel-linux-ar
configure:6399: found /home/hatsune/Documents/DEV/gcw0-toolchain/usr/bin/mipsel-linux-ar
configure:6410: result: mipsel-linux-ar
configure:6492: checking for archiver @FILE support
configure:6510: mipsel-linux-gcc -c -g -O2  conftest.c >&5
configure:6510: $? = 0
configure:6514: mipsel-linux-ar cru libconftest.a @conftest.lst >&5
configure:6517: $? = 0
configure:6522: mipsel-linux-ar cru libconftest.a @conftest.lst >&5
mipsel-linux-ar: conftest.o: No such file or directory
configure:6525: $? = 1
configure:6537: result: @
configure:6555: checking for mipsel-linux-strip
configure:6583: result: mipsel-linux-strip
configure:6656: checking for mipsel-linux-ranlib
configure:6673: found /home/hatsune/Documents/DEV/gcw0-toolchain/usr/bin/mipsel-linux-ranlib
configure:6684: result: mipsel-linux-ranlib
configure:6827: checking command to parse /home/hatsune/Documents/DEV/gcw0-toolchain/usr/bin/mipsel-linux-nm -B output from mipsel-linux-gcc object
configure:6981: mipsel-linux-gcc -c -g -O2  conftest.c >&5
configure:6984: $? = 0
configure:6988: /home/hatsune/Documents/DEV/gcw0-toolchain/usr/bin/mipsel-linux-nm -B conftest.o \| sed -n -e 's/^.*[ ]\([ABCDGIRSTW][ABCDGIRSTW]*\)[ ][ ]*\([_A-Za-z][_A-Za-z0-9]*\)$/\1 \2 \2/p' | sed '/ __gnu_lto/d' \> conftest.nm
configure:6991: $? = 0
configure:7057: mipsel-linux-gcc -o conftest -g -O2   conftest.c conftstm.o >&5
configure:7060: $? = 0
configure:7098: result: ok
configure:7145: checking for sysroot
configure:7176: result: no
configure:7183: checking for a working dd
configure:7223: result: /bin/dd
configure:7227: checking how to truncate binary pipes
configure:7243: result: /bin/dd bs=4096 count=1
configure:7520: checking for mipsel-linux-mt
configure:7551: result: no
configure:7561: checking for mt
configure:7578: found /bin/mt
configure:7589: result: mt
configure:7601: WARNING: using cross tools not prefixed with host triplet
configure:7612: checking if mt is a manifest tool
configure:7619: mt '-?'
configure:7627: result: no
configure:8283: checking how to run the C preprocessor
configure:8315: mipsel-linux-gcc -E  conftest.c
configure:8315: $? = 0
configure:8330: mipsel-linux-gcc -E  conftest.c
conftest.c:11:28: fatal error: ac_nonexistent.h: No such file or directory
 #include <ac_nonexistent.h>
                            ^
compilation terminated.
configure:8330: $? = 1
configure: failed program was:
| /* confdefs.h */
| #define PACKAGE_NAME "libmikmod"
| #define PACKAGE_TARNAME "libmikmod"
| #define PACKAGE_VERSION "3.3.7"
| #define PACKAGE_STRING "libmikmod 3.3.7"
| #define PACKAGE_BUGREPORT ""
| #define PACKAGE_URL ""
| #define PACKAGE "libmikmod"
| #define VERSION "3.3.7"
| /* end confdefs.h.  */
| #include <ac_nonexistent.h>
configure:8357: result: mipsel-linux-gcc -E
configure:8377: mipsel-linux-gcc -E  conftest.c
configure:8377: $? = 0
configure:8392: mipsel-linux-gcc -E  conftest.c
conftest.c:11:28: fatal error: ac_nonexistent.h: No such file or directory
 #include <ac_nonexistent.h>
                            ^
compilation terminated.
configure:8392: $? = 1
configure: failed program was:
| /* confdefs.h */
| #define PACKAGE_NAME "libmikmod"
| #define PACKAGE_TARNAME "libmikmod"
| #define PACKAGE_VERSION "3.3.7"
| #define PACKAGE_STRING "libmikmod 3.3.7"
| #define PACKAGE_BUGREPORT ""
| #define PACKAGE_URL ""
| #define PACKAGE "libmikmod"
| #define VERSION "3.3.7"
| /* end confdefs.h.  */
| #include <ac_nonexistent.h>
configure:8423: checking for ANSI C header files
configure:8444: mipsel-linux-gcc -c -g -O2  conftest.c >&5
configure:8444: $? = 0
configure:8533: result: yes
configure:8546: checking for sys/types.h
configure:8546: mipsel-linux-gcc -c -g -O2  conftest.c >&5
configure:8546: $? = 0
configure:8546: result: yes
configure:8546: checking for sys/stat.h
configure:8546: mipsel-linux-gcc -c -g -O2  conftest.c >&5
configure:8546: $? = 0
configure:8546: result: yes
configure:8546: checking for stdlib.h
configure:8546: mipsel-linux-gcc -c -g -O2  conftest.c >&5
configure:8546: $? = 0
configure:8546: result: yes
configure:8546: checking for string.h
configure:8546: mipsel-linux-gcc -c -g -O2  conftest.c >&5
configure:8546: $? = 0
configure:8546: result: yes
configure:8546: checking for memory.h
configure:8546: mipsel-linux-gcc -c -g -O2  conftest.c >&5
configure:8546: $? = 0
configure:8546: result: yes
configure:8546: checking for strings.h
configure:8546: mipsel-linux-gcc -c -g -O2  conftest.c >&5
configure:8546: $? = 0
configure:8546: result: yes
configure:8546: checking for inttypes.h
configure:8546: mipsel-linux-gcc -c -g -O2  conftest.c >&5
configure:8546: $? = 0
configure:8546: result: yes
configure:8546: checking for stdint.h
configure:8546: mipsel-linux-gcc -c -g -O2  conftest.c >&5
configure:8546: $? = 0
configure:8546: result: yes
configure:8546: checking for unistd.h
configure:8546: mipsel-linux-gcc -c -g -O2  conftest.c >&5
configure:8546: $? = 0
configure:8546: result: yes
configure:8561: checking for dlfcn.h
configure:8561: mipsel-linux-gcc -c -g -O2  conftest.c >&5
configure:8561: $? = 0
configure:8561: result: yes
configure:8768: checking for objdir
configure:8784: result: .libs
configure:9057: checking if mipsel-linux-gcc supports -fno-rtti -fno-exceptions
configure:9076: mipsel-linux-gcc -c -g -O2  -fno-rtti -fno-exceptions conftest.c >&5
cc1: warning: command line option '-fno-rtti' is valid for C++/ObjC++ but not for C
configure:9080: $? = 0
configure:9093: result: no
configure:9451: checking for mipsel-linux-gcc option to produce PIC
configure:9459: result: -fPIC -DPIC
configure:9467: checking if mipsel-linux-gcc PIC flag -fPIC -DPIC works
configure:9486: mipsel-linux-gcc -c -g -O2  -fPIC -DPIC -DPIC conftest.c >&5
configure:9490: $? = 0
configure:9503: result: yes
configure:9532: checking if mipsel-linux-gcc static flag -static works
configure:9561: result: yes
configure:9576: checking if mipsel-linux-gcc supports -c -o file.o
configure:9598: mipsel-linux-gcc -c -g -O2  -o out/conftest2.o conftest.c >&5
configure:9602: $? = 0
configure:9624: result: yes
configure:9632: checking if mipsel-linux-gcc supports -c -o file.o
configure:9680: result: yes
configure:9713: checking whether the mipsel-linux-gcc linker (/home/hatsune/Documents/DEV/gcw0-toolchain/usr/mipsel-gcw0-linux-uclibc/bin/ld) supports shared libraries
configure:10880: result: yes
configure:10917: checking whether -lc should be explicitly linked in
configure:10926: mipsel-linux-gcc -c -g -O2  conftest.c >&5
configure:10929: $? = 0
configure:10944: mipsel-linux-gcc -shared  -fPIC -DPIC conftest.o  -v -Wl,-soname -Wl,conftest -o conftest 2\>\&1 \| /bin/grep  -lc  \>/dev/null 2\>\&1
configure:10947: $? = 0
configure:10961: result: no
configure:11121: checking dynamic linker characteristics
configure:11650: mipsel-linux-gcc -o conftest -g -O2   -Wl,-rpath -Wl,/foo conftest.c  >&5
configure:11650: $? = 0
configure:11869: result: GNU/Linux ld.so
configure:11981: checking how to hardcode library paths into programs
configure:12006: result: immediate
configure:12573: checking whether stripping libraries is possible
configure:12578: result: yes
configure:12613: checking if libtool supports shared libraries
configure:12615: result: yes
configure:12618: checking whether to build shared libraries
configure:12639: result: yes
configure:12642: checking whether to build static libraries
configure:12646: result: yes
configure:12689: checking whether mipsel-linux-gcc needs -traditional
In file included from conftest.c:23:0:
/home/hatsune/Documents/DEV/gcw0-toolchain/usr/mipsel-gcw0-linux-uclibc/sysroot/usr/include/sgtty.h:22:2: warning: #warning useless header on uClibc [-Wcpp]
 #warning useless header on uClibc
  ^
configure:12726: result: no
configure:12733: checking for an ANSI C-conforming const
configure:12800: mipsel-linux-gcc -c -g -O2  conftest.c >&5
configure:12800: $? = 0
configure:12808: result: yes
configure:12816: checking if compiler understands the signed keyword
configure:12840: mipsel-linux-gcc -c -g -O2  conftest.c >&5
configure:12840: $? = 0
configure:12854: result: yes
configure:12862: checking for pid_t
configure:12862: mipsel-linux-gcc -c -g -O2  conftest.c >&5
configure:12862: $? = 0
configure:12862: mipsel-linux-gcc -c -g -O2  conftest.c >&5
conftest.c: In function 'main':
conftest.c:59:20: error: expected expression before ')' token
 if (sizeof ((pid_t)))
                    ^
configure:12862: $? = 1
configure: failed program was:
| /* confdefs.h */
| #define PACKAGE_NAME "libmikmod"
| #define PACKAGE_TARNAME "libmikmod"
| #define PACKAGE_VERSION "3.3.7"
| #define PACKAGE_STRING "libmikmod 3.3.7"
| #define PACKAGE_BUGREPORT ""
| #define PACKAGE_URL ""
| #define PACKAGE "libmikmod"
| #define VERSION "3.3.7"
| #define STDC_HEADERS 1
| #define HAVE_SYS_TYPES_H 1
| #define HAVE_SYS_STAT_H 1
| #define HAVE_STDLIB_H 1
| #define HAVE_STRING_H 1
| #define HAVE_MEMORY_H 1
| #define HAVE_STRINGS_H 1
| #define HAVE_INTTYPES_H 1
| #define HAVE_STDINT_H 1
| #define HAVE_UNISTD_H 1
| #define HAVE_DLFCN_H 1
| #define LT_OBJDIR ".libs/"
| /* end confdefs.h.  */
| #include <stdio.h>
| #ifdef HAVE_SYS_TYPES_H
| # include <sys/types.h>
| #endif
| #ifdef HAVE_SYS_STAT_H
| # include <sys/stat.h>
| #endif
| #ifdef STDC_HEADERS
| # include <stdlib.h>
| # include <stddef.h>
| #else
| # ifdef HAVE_STDLIB_H
| #  include <stdlib.h>
| # endif
| #endif
| #ifdef HAVE_STRING_H
| # if !defined STDC_HEADERS && defined HAVE_MEMORY_H
| #  include <memory.h>
| # endif
| # include <string.h>
| #endif
| #ifdef HAVE_STRINGS_H
| # include <strings.h>
| #endif
| #ifdef HAVE_INTTYPES_H
| # include <inttypes.h>
| #endif
| #ifdef HAVE_STDINT_H
| # include <stdint.h>
| #endif
| #ifdef HAVE_UNISTD_H
| # include <unistd.h>
| #endif
| int
| main (void)
| {
| if (sizeof ((pid_t)))
| 	    return 0;
|   ;
|   return 0;
| }
configure:12862: result: yes
configure:12874: checking for size_t
configure:12874: mipsel-linux-gcc -c -g -O2  conftest.c >&5
configure:12874: $? = 0
configure:12874: mipsel-linux-gcc -c -g -O2  conftest.c >&5
conftest.c: In function 'main':
conftest.c:59:21: error: expected expression before ')' token
 if (sizeof ((size_t)))
                     ^
configure:12874: $? = 1
configure: failed program was:
| /* confdefs.h */
| #define PACKAGE_NAME "libmikmod"
| #define PACKAGE_TARNAME "libmikmod"
| #define PACKAGE_VERSION "3.3.7"
| #define PACKAGE_STRING "libmikmod 3.3.7"
| #define PACKAGE_BUGREPORT ""
| #define PACKAGE_URL ""
| #define PACKAGE "libmikmod"
| #define VERSION "3.3.7"
| #define STDC_HEADERS 1
| #define HAVE_SYS_TYPES_H 1
| #define HAVE_SYS_STAT_H 1
| #define HAVE_STDLIB_H 1
| #define HAVE_STRING_H 1
| #define HAVE_MEMORY_H 1
| #define HAVE_STRINGS_H 1
| #define HAVE_INTTYPES_H 1
| #define HAVE_STDINT_H 1
| #define HAVE_UNISTD_H 1
| #define HAVE_DLFCN_H 1
| #define LT_OBJDIR ".libs/"
| /* end confdefs.h.  */
| #include <stdio.h>
| #ifdef HAVE_SYS_TYPES_H
| # include <sys/types.h>
| #endif
| #ifdef HAVE_SYS_STAT_H
| # include <sys/stat.h>
| #endif
| #ifdef STDC_HEADERS
| # include <stdlib.h>
| # include <stddef.h>
| #else
| # ifdef HAVE_STDLIB_H
| #  include <stdlib.h>
| # endif
| #endif
| #ifdef HAVE_STRING_H
| # if !defined STDC_HEADERS && defined HAVE_MEMORY_H
| #  include <memory.h>
| # endif
| # include <string.h>
| #endif
| #ifdef HAVE_STRINGS_H
| # include <strings.h>
| #endif
| #ifdef HAVE_INTTYPES_H
| # include <inttypes.h>
| #endif
| #ifdef HAVE_STDINT_H
| # include <stdint.h>
| #endif
| #ifdef HAVE_UNISTD_H
| # include <unistd.h>
| #endif
| int
| main (void)
| {
| if (sizeof ((size_t)))
| 	    return 0;
|   ;
|   return 0;
| }
configure:12874: result: yes
configure:12886: checking whether byte ordering is bigendian
configure:12902: mipsel-linux-gcc -c -g -O2  conftest.c >&5
conftest.c:24:9: error: unknown type name 'not'
         not a universal capable compiler
         ^
conftest.c:24:15: error: expected '=', ',', ';', 'asm' or '__attribute__' before 'universal'
         not a universal capable compiler
               ^
conftest.c:24:15: error: unknown type name 'universal'
configure:12902: $? = 1
configure: failed program was:
| /* confdefs.h */
| #define PACKAGE_NAME "libmikmod"
| #define PACKAGE_TARNAME "libmikmod"
| #define PACKAGE_VERSION "3.3.7"
| #define PACKAGE_STRING "libmikmod 3.3.7"
| #define PACKAGE_BUGREPORT ""
| #define PACKAGE_URL ""
| #define PACKAGE "libmikmod"
| #define VERSION "3.3.7"
| #define STDC_HEADERS 1
| #define HAVE_SYS_TYPES_H 1
| #define HAVE_SYS_STAT_H 1
| #define HAVE_STDLIB_H 1
| #define HAVE_STRING_H 1
| #define HAVE_MEMORY_H 1
| #define HAVE_STRINGS_H 1
| #define HAVE_INTTYPES_H 1
| #define HAVE_STDINT_H 1
| #define HAVE_UNISTD_H 1
| #define HAVE_DLFCN_H 1
| #define LT_OBJDIR ".libs/"
| /* end confdefs.h.  */
| #ifndef __APPLE_CC__
| 	       not a universal capable compiler
| 	     #endif
| 	     typedef int dummy;
| 
configure:12948: mipsel-linux-gcc -c -g -O2  conftest.c >&5
configure:12948: $? = 0
configure:12967: mipsel-linux-gcc -c -g -O2  conftest.c >&5
conftest.c: In function 'main':
conftest.c:30:4: error: unknown type name 'not'
    not big endian
    ^
conftest.c:30:12: error: expected '=', ',', ';', 'asm' or '__attribute__' before 'endian'
    not big endian
            ^
configure:12967: $? = 1
configure: failed program was:
| /* confdefs.h */
| #define PACKAGE_NAME "libmikmod"
| #define PACKAGE_TARNAME "libmikmod"
| #define PACKAGE_VERSION "3.3.7"
| #define PACKAGE_STRING "libmikmod 3.3.7"
| #define PACKAGE_BUGREPORT ""
| #define PACKAGE_URL ""
| #define PACKAGE "libmikmod"
| #define VERSION "3.3.7"
| #define STDC_HEADERS 1
| #define HAVE_SYS_TYPES_H 1
| #define HAVE_SYS_STAT_H 1
| #define HAVE_STDLIB_H 1
| #define HAVE_STRING_H 1
| #define HAVE_MEMORY_H 1
| #define HAVE_STRINGS_H 1
| #define HAVE_INTTYPES_H 1
| #define HAVE_STDINT_H 1
| #define HAVE_UNISTD_H 1
| #define HAVE_DLFCN_H 1
| #define LT_OBJDIR ".libs/"
| /* end confdefs.h.  */
| #include <sys/types.h>
| 		#include <sys/param.h>
| 
| int
| main (void)
| {
| #if BYTE_ORDER != BIG_ENDIAN
| 		 not big endian
| 		#endif
| 
|   ;
|   return 0;
| }
configure:13101: result: no
configure:13124: checking for ANSI C header files
configure:13234: result: yes
configure:13242: checking for sys/wait.h that is POSIX.1 compatible
configure:13269: mipsel-linux-gcc -c -g -O2  conftest.c >&5
configure:13269: $? = 0
configure:13277: result: yes
configure:13288: checking fcntl.h usability
configure:13288: mipsel-linux-gcc -c -g -O2  conftest.c >&5
configure:13288: $? = 0
configure:13288: result: yes
configure:13288: checking fcntl.h presence
configure:13288: mipsel-linux-gcc -E  conftest.c
configure:13288: $? = 0
configure:13288: result: yes
configure:13288: checking for fcntl.h
configure:13288: result: yes
configure:13288: checking limits.h usability
configure:13288: mipsel-linux-gcc -c -g -O2  conftest.c >&5
configure:13288: $? = 0
configure:13288: result: yes
configure:13288: checking limits.h presence
configure:13288: mipsel-linux-gcc -E  conftest.c
configure:13288: $? = 0
configure:13288: result: yes
configure:13288: checking for limits.h
configure:13288: result: yes
configure:13288: checking malloc.h usability
configure:13288: mipsel-linux-gcc -c -g -O2  conftest.c >&5
configure:13288: $? = 0
configure:13288: result: yes
configure:13288: checking malloc.h presence
configure:13288: mipsel-linux-gcc -E  conftest.c
configure:13288: $? = 0
configure:13288: result: yes
configure:13288: checking for malloc.h
configure:13288: result: yes
configure:13288: checking for memory.h
configure:13288: result: yes
configure:13288: checking for strings.h
configure:13288: result: yes
configure:13288: checking sys/ioctl.h usability
configure:13288: mipsel-linux-gcc -c -g -O2  conftest.c >&5
configure:13288: $? = 0
configure:13288: result: yes
configure:13288: checking sys/ioctl.h presence
configure:13288: mipsel-linux-gcc -E  conftest.c
configure:13288: $? = 0
configure:13288: result: yes
configure:13288: checking for sys/ioctl.h
configure:13288: result: yes
configure:13288: checking for unistd.h
configure:13288: result: yes
configure:13307: checking for posix_memalign
configure:13307: mipsel-linux-gcc -o conftest -g -O2   conftest.c  >&5
conftest.c:55:6: warning: conflicting types for built-in function 'posix_memalign'
 char posix_memalign ();
      ^
configure:13307: $? = 0
configure:13307: result: yes
configure:13307: checking for setenv
configure:13307: mipsel-linux-gcc -o conftest -g -O2   conftest.c  >&5
configure:13307: $? = 0
configure:13307: result: yes
configure:13307: checking for snprintf
configure:13307: mipsel-linux-gcc -o conftest -g -O2   conftest.c  >&5
conftest.c:57:6: warning: conflicting types for built-in function 'snprintf'
 char snprintf ();
      ^
configure:13307: $? = 0
configure:13307: result: yes
configure:13307: checking for srandom
configure:13307: mipsel-linux-gcc -o conftest -g -O2   conftest.c  >&5
configure:13307: $? = 0
configure:13307: result: yes
configure:13317: checking for memcmp
configure:13317: mipsel-linux-gcc -o conftest -g -O2   conftest.c  >&5
conftest.c:59:6: warning: conflicting types for built-in function 'memcmp'
 char memcmp ();
      ^
configure:13317: $? = 0
configure:13317: result: yes
configure:13331: checking for strcasecmp
configure:13331: mipsel-linux-gcc -o conftest -g -O2   conftest.c  >&5
conftest.c:60:6: warning: conflicting types for built-in function 'strcasecmp'
 char strcasecmp ();
      ^
configure:13331: $? = 0
configure:13331: result: yes
configure:13345: checking for strdup
configure:13345: mipsel-linux-gcc -o conftest -g -O2   conftest.c  >&5
conftest.c:61:6: warning: conflicting types for built-in function 'strdup'
 char strdup ();
      ^
configure:13345: $? = 0
configure:13345: result: yes
configure:13359: checking for strstr
configure:13359: mipsel-linux-gcc -o conftest -g -O2   conftest.c  >&5
conftest.c:62:6: warning: conflicting types for built-in function 'strstr'
 char strstr ();
      ^
configure:13359: $? = 0
configure:13359: result: yes
configure:13374: checking for floor in -lm
configure:13400: mipsel-linux-gcc -o conftest -g -O2   conftest.c -lm   >&5
conftest.c:47:6: warning: conflicting types for built-in function 'floor'
 char floor ();
      ^
configure:13400: $? = 0
configure:13410: result: yes
configure:13450: checking for dlfcn.h
configure:13450: result: yes
configure:13462: checking for dlopen in -lc
configure:13488: mipsel-linux-gcc -o conftest -g -O2   conftest.c -lc   >&5
/tmp/ccFae77k.o:/home/hatsune/Documents/DEV/methane-1.4.8DC/source/gcw/libmikmod-3.3.7/conftest.c:52: undefined reference to `dlopen'
/tmp/ccFae77k.o:/home/hatsune/Documents/DEV/methane-1.4.8DC/source/gcw/libmikmod-3.3.7/conftest.c:52: undefined reference to `dlopen'
collect2: error: ld returned 1 exit status
configure:13488: $? = 1
configure: failed program was:
| /* confdefs.h */
| #define PACKAGE_NAME "libmikmod"
| #define PACKAGE_TARNAME "libmikmod"
| #define PACKAGE_VERSION "3.3.7"
| #define PACKAGE_STRING "libmikmod 3.3.7"
| #define PACKAGE_BUGREPORT ""
| #define PACKAGE_URL ""
| #define PACKAGE "libmikmod"
| #define VERSION "3.3.7"
| #define STDC_HEADERS 1
| #define HAVE_SYS_TYPES_H 1
| #define HAVE_SYS_STAT_H 1
| #define HAVE_STDLIB_H 1
| #define HAVE_STRING_H 1
| #define HAVE_MEMORY_H 1
| #define HAVE_STRINGS_H 1
| #define HAVE_INTTYPES_H 1
| #define HAVE_STDINT_H 1
| #define HAVE_UNISTD_H 1
| #define HAVE_DLFCN_H 1
| #define LT_OBJDIR ".libs/"
| #define STDC_HEADERS 1
| #define HAVE_SYS_WAIT_H 1
| #define HAVE_FCNTL_H 1
| #define HAVE_LIMITS_H 1
| #define HAVE_MALLOC_H 1
| #define HAVE_MEMORY_H 1
| #define HAVE_STRINGS_H 1
| #define HAVE_SYS_IOCTL_H 1
| #define HAVE_UNISTD_H 1
| #define HAVE_POSIX_MEMALIGN 1
| #define HAVE_SETENV 1
| #define HAVE_SNPRINTF 1
| #define HAVE_SRANDOM 1
| #define HAVE_MEMCMP 1
| #define HAVE_STRCASECMP 1
| #define HAVE_STRDUP 1
| #define HAVE_STRSTR 1
| #define HAVE_DLFCN_H 1
| /* end confdefs.h.  */
| 
| /* Override any GCC internal prototype to avoid an error.
|    Use char because int might match the return type of a GCC
|    builtin and then its argument prototype would still apply.  */
| #ifdef __cplusplus
| extern "C"
| #endif
| char dlopen ();
| int
| main (void)
| {
| return dlopen ();
|   ;
|   return 0;
| }
configure:13498: result: no
configure:13504: checking for dlopen in -ldl
configure:13530: mipsel-linux-gcc -o conftest -g -O2   conftest.c -ldl   >&5
configure:13530: $? = 0
configure:13540: result: yes
configure:13622: checking wherever dynamically loaded symbols need underscores
configure:13675: result: no
configure:13693: checking if compiler recognizes -pthread
configure:13719: mipsel-linux-gcc -o conftest -g -O2 -pthread   conftest.c  >&5
configure:13719: $? = 0
configure:13736: result: yes
configure:13841: checking alsa/asoundlib.h usability
configure:13841: mipsel-linux-gcc -c -g -O2 -pthread  conftest.c >&5
configure:13841: $? = 0
configure:13841: result: yes
configure:13841: checking alsa/asoundlib.h presence
configure:13841: mipsel-linux-gcc -E  conftest.c
configure:13841: $? = 0
configure:13841: result: yes
configure:13841: checking for alsa/asoundlib.h
configure:13841: result: yes
configure:13847: checking for snd_pcm_open in -lasound
configure:13873: mipsel-linux-gcc -o conftest -g -O2 -pthread   conftest.c -lasound   >&5
configure:13873: $? = 0
configure:13883: result: yes
configure:13912: checking pulse/simple.h usability
configure:13912: mipsel-linux-gcc -c -g -O2 -pthread  conftest.c >&5
conftest.c:75:26: fatal error: pulse/simple.h: No such file or directory
 #include <pulse/simple.h>
                          ^
compilation terminated.
configure:13912: $? = 1
configure: failed program was:
| /* confdefs.h */
| #define PACKAGE_NAME "libmikmod"
| #define PACKAGE_TARNAME "libmikmod"
| #define PACKAGE_VERSION "3.3.7"
| #define PACKAGE_STRING "libmikmod 3.3.7"
| #define PACKAGE_BUGREPORT ""
| #define PACKAGE_URL ""
| #define PACKAGE "libmikmod"
| #define VERSION "3.3.7"
| #define STDC_HEADERS 1
| #define HAVE_SYS_TYPES_H 1
| #define HAVE_SYS_STAT_H 1
| #define HAVE_STDLIB_H 1
| #define HAVE_STRING_H 1
| #define HAVE_MEMORY_H 1
| #define HAVE_STRINGS_H 1
| #define HAVE_INTTYPES_H 1
| #define HAVE_STDINT_H 1
| #define HAVE_UNISTD_H 1
| #define HAVE_DLFCN_H 1
| #define LT_OBJDIR ".libs/"
| #define STDC_HEADERS 1
| #define HAVE_SYS_WAIT_H 1
| #define HAVE_FCNTL_H 1
| #define HAVE_LIMITS_H 1
| #define HAVE_MALLOC_H 1
| #define HAVE_MEMORY_H 1
| #define HAVE_STRINGS_H 1
| #define HAVE_SYS_IOCTL_H 1
| #define HAVE_UNISTD_H 1
| #define HAVE_POSIX_MEMALIGN 1
| #define HAVE_SETENV 1
| #define HAVE_SNPRINTF 1
| #define HAVE_SRANDOM 1
| #define HAVE_MEMCMP 1
| #define HAVE_STRCASECMP 1
| #define HAVE_STRDUP 1
| #define HAVE_STRSTR 1
| #define HAVE_DLFCN_H 1
| #define HAVE_ALSA_ASOUNDLIB_H 1
| /* end confdefs.h.  */
| #include <stdio.h>
| #ifdef HAVE_SYS_TYPES_H
| # include <sys/types.h>
| #endif
| #ifdef HAVE_SYS_STAT_H
| # include <sys/stat.h>
| #endif
| #ifdef STDC_HEADERS
| # include <stdlib.h>
| # include <stddef.h>
| #else
| # ifdef HAVE_STDLIB_H
| #  include <stdlib.h>
| # endif
| #endif
| #ifdef HAVE_STRING_H
| # if !defined STDC_HEADERS && defined HAVE_MEMORY_H
| #  include <memory.h>
| # endif
| # include <string.h>
| #endif
| #ifdef HAVE_STRINGS_H
| # include <strings.h>
| #endif
| #ifdef HAVE_INTTYPES_H
| # include <inttypes.h>
| #endif
| #ifdef HAVE_STDINT_H
| # include <stdint.h>
| #endif
| #ifdef HAVE_UNISTD_H
| # include <unistd.h>
| #endif
| #include <pulse/simple.h>
configure:13912: result: no
configure:13912: checking pulse/simple.h presence
configure:13912: mipsel-linux-gcc -E  conftest.c
conftest.c:42:26: fatal error: pulse/simple.h: No such file or directory
 #include <pulse/simple.h>
                          ^
compilation terminated.
configure:13912: $? = 1
configure: failed program was:
| /* confdefs.h */
| #define PACKAGE_NAME "libmikmod"
| #define PACKAGE_TARNAME "libmikmod"
| #define PACKAGE_VERSION "3.3.7"
| #define PACKAGE_STRING "libmikmod 3.3.7"
| #define PACKAGE_BUGREPORT ""
| #define PACKAGE_URL ""
| #define PACKAGE "libmikmod"
| #define VERSION "3.3.7"
| #define STDC_HEADERS 1
| #define HAVE_SYS_TYPES_H 1
| #define HAVE_SYS_STAT_H 1
| #define HAVE_STDLIB_H 1
| #define HAVE_STRING_H 1
| #define HAVE_MEMORY_H 1
| #define HAVE_STRINGS_H 1
| #define HAVE_INTTYPES_H 1
| #define HAVE_STDINT_H 1
| #define HAVE_UNISTD_H 1
| #define HAVE_DLFCN_H 1
| #define LT_OBJDIR ".libs/"
| #define STDC_HEADERS 1
| #define HAVE_SYS_WAIT_H 1
| #define HAVE_FCNTL_H 1
| #define HAVE_LIMITS_H 1
| #define HAVE_MALLOC_H 1
| #define HAVE_MEMORY_H 1
| #define HAVE_STRINGS_H 1
| #define HAVE_SYS_IOCTL_H 1
| #define HAVE_UNISTD_H 1
| #define HAVE_POSIX_MEMALIGN 1
| #define HAVE_SETENV 1
| #define HAVE_SNPRINTF 1
| #define HAVE_SRANDOM 1
| #define HAVE_MEMCMP 1
| #define HAVE_STRCASECMP 1
| #define HAVE_STRDUP 1
| #define HAVE_STRSTR 1
| #define HAVE_DLFCN_H 1
| #define HAVE_ALSA_ASOUNDLIB_H 1
| /* end confdefs.h.  */
| #include <pulse/simple.h>
configure:13912: result: no
configure:13912: checking for pulse/simple.h
configure:13912: result: no
configure:15176: checking for sdl-config
configure:15195: found /home/hatsune/Ndless/ndless-sdk/bin/sdl-config
configure:15208: result: /home/hatsune/Ndless/ndless-sdk/bin/sdl-config
configure:15218: checking for SDL - version >= 1.2.0
configure:15322: result: yes
configure:16076: checking sys/soundcard.h usability
configure:16076: mipsel-linux-gcc -c -I/home/hatsune/Ndless/ndless-sdk//include/SDL -g -O2 -pthread  conftest.c >&5
configure:16076: $? = 0
configure:16076: result: yes
configure:16076: checking sys/soundcard.h presence
configure:16076: mipsel-linux-gcc -E  conftest.c
configure:16076: $? = 0
configure:16076: result: yes
configure:16076: checking for sys/soundcard.h
configure:16076: result: yes
configure:16076: checking machine/soundcard.h usability
configure:16076: mipsel-linux-gcc -c -I/home/hatsune/Ndless/ndless-sdk//include/SDL -g -O2 -pthread  conftest.c >&5
conftest.c:83:31: fatal error: machine/soundcard.h: No such file or directory
 #include <machine/soundcard.h>
                               ^
compilation terminated.
configure:16076: $? = 1
configure: failed program was:
| /* confdefs.h */
| #define PACKAGE_NAME "libmikmod"
| #define PACKAGE_TARNAME "libmikmod"
| #define PACKAGE_VERSION "3.3.7"
| #define PACKAGE_STRING "libmikmod 3.3.7"
| #define PACKAGE_BUGREPORT ""
| #define PACKAGE_URL ""
| #define PACKAGE "libmikmod"
| #define VERSION "3.3.7"
| #define STDC_HEADERS 1
| #define HAVE_SYS_TYPES_H 1
| #define HAVE_SYS_STAT_H 1
| #define HAVE_STDLIB_H 1
| #define HAVE_STRING_H 1
| #define HAVE_MEMORY_H 1
| #define HAVE_STRINGS_H 1
| #define HAVE_INTTYPES_H 1
| #define HAVE_STDINT_H 1
| #define HAVE_UNISTD_H 1
| #define HAVE_DLFCN_H 1
| #define LT_OBJDIR ".libs/"
| #define STDC_HEADERS 1
| #define HAVE_SYS_WAIT_H 1
| #define HAVE_FCNTL_H 1
| #define HAVE_LIMITS_H 1
| #define HAVE_MALLOC_H 1
| #define HAVE_MEMORY_H 1
| #define HAVE_STRINGS_H 1
| #define HAVE_SYS_IOCTL_H 1
| #define HAVE_UNISTD_H 1
| #define HAVE_POSIX_MEMALIGN 1
| #define HAVE_SETENV 1
| #define HAVE_SNPRINTF 1
| #define HAVE_SRANDOM 1
| #define HAVE_MEMCMP 1
| #define HAVE_STRCASECMP 1
| #define HAVE_STRDUP 1
| #define HAVE_STRSTR 1
| #define HAVE_DLFCN_H 1
| #define HAVE_ALSA_ASOUNDLIB_H 1
| #define DRV_RAW 1
| #define DRV_WAV 1
| #define DRV_AIFF 1
| #define DRV_PIPE 1
| #define DRV_STDOUT 1
| #define DRV_ALSA 1
| #define DRV_SDL 1
| #define HAVE_SYS_SOUNDCARD_H 1
| /* end confdefs.h.  */
| #include <stdio.h>
| #ifdef HAVE_SYS_TYPES_H
| # include <sys/types.h>
| #endif
| #ifdef HAVE_SYS_STAT_H
| # include <sys/stat.h>
| #endif
| #ifdef STDC_HEADERS
| # include <stdlib.h>
| # include <stddef.h>
| #else
| # ifdef HAVE_STDLIB_H
| #  include <stdlib.h>
| # endif
| #endif
| #ifdef HAVE_STRING_H
| # if !defined STDC_HEADERS && defined HAVE_MEMORY_H
| #  include <memory.h>
| # endif
| # include <string.h>
| #endif
| #ifdef HAVE_STRINGS_H
| # include <strings.h>
| #endif
| #ifdef HAVE_INTTYPES_H
| # include <inttypes.h>
| #endif
| #ifdef HAVE_STDINT_H
| # include <stdint.h>
| #endif
| #ifdef HAVE_UNISTD_H
| # include <unistd.h>
| #endif
| #include <machine/soundcard.h>
configure:16076: result: no
configure:16076: checking machine/soundcard.h presence
configure:16076: mipsel-linux-gcc -E  conftest.c
conftest.c:50:31: fatal error: machine/soundcard.h: No such file or directory
 #include <machine/soundcard.h>
                               ^
compilation terminated.
configure:16076: $? = 1
configure: failed program was:
| /* confdefs.h */
| #define PACKAGE_NAME "libmikmod"
| #define PACKAGE_TARNAME "libmikmod"
| #define PACKAGE_VERSION "3.3.7"
| #define PACKAGE_STRING "libmikmod 3.3.7"
| #define PACKAGE_BUGREPORT ""
| #define PACKAGE_URL ""
| #define PACKAGE "libmikmod"
| #define VERSION "3.3.7"
| #define STDC_HEADERS 1
| #define HAVE_SYS_TYPES_H 1
| #define HAVE_SYS_STAT_H 1
| #define HAVE_STDLIB_H 1
| #define HAVE_STRING_H 1
| #define HAVE_MEMORY_H 1
| #define HAVE_STRINGS_H 1
| #define HAVE_INTTYPES_H 1
| #define HAVE_STDINT_H 1
| #define HAVE_UNISTD_H 1
| #define HAVE_DLFCN_H 1
| #define LT_OBJDIR ".libs/"
| #define STDC_HEADERS 1
| #define HAVE_SYS_WAIT_H 1
| #define HAVE_FCNTL_H 1
| #define HAVE_LIMITS_H 1
| #define HAVE_MALLOC_H 1
| #define HAVE_MEMORY_H 1
| #define HAVE_STRINGS_H 1
| #define HAVE_SYS_IOCTL_H 1
| #define HAVE_UNISTD_H 1
| #define HAVE_POSIX_MEMALIGN 1
| #define HAVE_SETENV 1
| #define HAVE_SNPRINTF 1
| #define HAVE_SRANDOM 1
| #define HAVE_MEMCMP 1
| #define HAVE_STRCASECMP 1
| #define HAVE_STRDUP 1
| #define HAVE_STRSTR 1
| #define HAVE_DLFCN_H 1
| #define HAVE_ALSA_ASOUNDLIB_H 1
| #define DRV_RAW 1
| #define DRV_WAV 1
| #define DRV_AIFF 1
| #define DRV_PIPE 1
| #define DRV_STDOUT 1
| #define DRV_ALSA 1
| #define DRV_SDL 1
| #define HAVE_SYS_SOUNDCARD_H 1
| /* end confdefs.h.  */
| #include <machine/soundcard.h>
configure:16076: result: no
configure:16076: checking for machine/soundcard.h
configure:16076: result: no
configure:16076: checking soundcard.h usability
configure:16076: mipsel-linux-gcc -c -I/home/hatsune/Ndless/ndless-sdk//include/SDL -g -O2 -pthread  conftest.c >&5
conftest.c:83:23: fatal error: soundcard.h: No such file or directory
 #include <soundcard.h>
                       ^
compilation terminated.
configure:16076: $? = 1
configure: failed program was:
| /* confdefs.h */
| #define PACKAGE_NAME "libmikmod"
| #define PACKAGE_TARNAME "libmikmod"
| #define PACKAGE_VERSION "3.3.7"
| #define PACKAGE_STRING "libmikmod 3.3.7"
| #define PACKAGE_BUGREPORT ""
| #define PACKAGE_URL ""
| #define PACKAGE "libmikmod"
| #define VERSION "3.3.7"
| #define STDC_HEADERS 1
| #define HAVE_SYS_TYPES_H 1
| #define HAVE_SYS_STAT_H 1
| #define HAVE_STDLIB_H 1
| #define HAVE_STRING_H 1
| #define HAVE_MEMORY_H 1
| #define HAVE_STRINGS_H 1
| #define HAVE_INTTYPES_H 1
| #define HAVE_STDINT_H 1
| #define HAVE_UNISTD_H 1
| #define HAVE_DLFCN_H 1
| #define LT_OBJDIR ".libs/"
| #define STDC_HEADERS 1
| #define HAVE_SYS_WAIT_H 1
| #define HAVE_FCNTL_H 1
| #define HAVE_LIMITS_H 1
| #define HAVE_MALLOC_H 1
| #define HAVE_MEMORY_H 1
| #define HAVE_STRINGS_H 1
| #define HAVE_SYS_IOCTL_H 1
| #define HAVE_UNISTD_H 1
| #define HAVE_POSIX_MEMALIGN 1
| #define HAVE_SETENV 1
| #define HAVE_SNPRINTF 1
| #define HAVE_SRANDOM 1
| #define HAVE_MEMCMP 1
| #define HAVE_STRCASECMP 1
| #define HAVE_STRDUP 1
| #define HAVE_STRSTR 1
| #define HAVE_DLFCN_H 1
| #define HAVE_ALSA_ASOUNDLIB_H 1
| #define DRV_RAW 1
| #define DRV_WAV 1
| #define DRV_AIFF 1
| #define DRV_PIPE 1
| #define DRV_STDOUT 1
| #define DRV_ALSA 1
| #define DRV_SDL 1
| #define HAVE_SYS_SOUNDCARD_H 1
| /* end confdefs.h.  */
| #include <stdio.h>
| #ifdef HAVE_SYS_TYPES_H
| # include <sys/types.h>
| #endif
| #ifdef HAVE_SYS_STAT_H
| # include <sys/stat.h>
| #endif
| #ifdef STDC_HEADERS
| # include <stdlib.h>
| # include <stddef.h>
| #else
| # ifdef HAVE_STDLIB_H
| #  include <stdlib.h>
| # endif
| #endif
| #ifdef HAVE_STRING_H
| # if !defined STDC_HEADERS && defined HAVE_MEMORY_H
| #  include <memory.h>
| # endif
| # include <string.h>
| #endif
| #ifdef HAVE_STRINGS_H
| # include <strings.h>
| #endif
| #ifdef HAVE_INTTYPES_H
| # include <inttypes.h>
| #endif
| #ifdef HAVE_STDINT_H
| # include <stdint.h>
| #endif
| #ifdef HAVE_UNISTD_H
| # include <unistd.h>
| #endif
| #include <soundcard.h>
configure:16076: result: no
configure:16076: checking soundcard.h presence
configure:16076: mipsel-linux-gcc -E  conftest.c
conftest.c:50:23: fatal error: soundcard.h: No such file or directory
 #include <soundcard.h>
                       ^
compilation terminated.
configure:16076: $? = 1
configure: failed program was:
| /* confdefs.h */
| #define PACKAGE_NAME "libmikmod"
| #define PACKAGE_TARNAME "libmikmod"
| #define PACKAGE_VERSION "3.3.7"
| #define PACKAGE_STRING "libmikmod 3.3.7"
| #define PACKAGE_BUGREPORT ""
| #define PACKAGE_URL ""
| #define PACKAGE "libmikmod"
| #define VERSION "3.3.7"
| #define STDC_HEADERS 1
| #define HAVE_SYS_TYPES_H 1
| #define HAVE_SYS_STAT_H 1
| #define HAVE_STDLIB_H 1
| #define HAVE_STRING_H 1
| #define HAVE_MEMORY_H 1
| #define HAVE_STRINGS_H 1
| #define HAVE_INTTYPES_H 1
| #define HAVE_STDINT_H 1
| #define HAVE_UNISTD_H 1
| #define HAVE_DLFCN_H 1
| #define LT_OBJDIR ".libs/"
| #define STDC_HEADERS 1
| #define HAVE_SYS_WAIT_H 1
| #define HAVE_FCNTL_H 1
| #define HAVE_LIMITS_H 1
| #define HAVE_MALLOC_H 1
| #define HAVE_MEMORY_H 1
| #define HAVE_STRINGS_H 1
| #define HAVE_SYS_IOCTL_H 1
| #define HAVE_UNISTD_H 1
| #define HAVE_POSIX_MEMALIGN 1
| #define HAVE_SETENV 1
| #define HAVE_SNPRINTF 1
| #define HAVE_SRANDOM 1
| #define HAVE_MEMCMP 1
| #define HAVE_STRCASECMP 1
| #define HAVE_STRDUP 1
| #define HAVE_STRSTR 1
| #define HAVE_DLFCN_H 1
| #define HAVE_ALSA_ASOUNDLIB_H 1
| #define DRV_RAW 1
| #define DRV_WAV 1
| #define DRV_AIFF 1
| #define DRV_PIPE 1
| #define DRV_STDOUT 1
| #define DRV_ALSA 1
| #define DRV_SDL 1
| #define HAVE_SYS_SOUNDCARD_H 1
| /* end confdefs.h.  */
| #include <soundcard.h>
configure:16076: result: no
configure:16076: checking for soundcard.h
configure:16076: result: no
configure:16139: checking whether OSS code compiles
configure:16163: mipsel-linux-gcc -c -I/home/hatsune/Ndless/ndless-sdk//include/SDL -g -O2 -pthread  conftest.c >&5
configure:16163: $? = 0
configure:16170: result: yes
configure:16266: checking if RTLD_GLOBAL is defined
configure:16283: mipsel-linux-gcc -c -I/home/hatsune/Ndless/ndless-sdk//include/SDL -g -O2 -pthread  conftest.c >&5
configure:16283: $? = 0
configure:16291: result: yes
configure:16309: checking if inlining functions is safe
configure:16330: mipsel-linux-gcc -c -I/home/hatsune/Ndless/ndless-sdk//include/SDL -g -O2 -pthread  conftest.c >&5
configure:16330: $? = 0
configure:16338: result: yes
configure:16357: checking if compiler is pgcc
configure:16364: result: no
configure:16448: checking if compiler supports visibility attributes
configure:16473: mipsel-linux-gcc -c -I/home/hatsune/Ndless/ndless-sdk//include/SDL -g -O2 -pthread -ffast-math -Wall -D_REENTRANT -fvisibility=hidden -Werror  conftest.c >&5
configure:16473: $? = 0
configure:16487: result: yes
configure:16671: creating ./config.status

## ---------------------- ##
## Running config.status. ##
## ---------------------- ##

This file was extended by libmikmod config.status 3.3.7, which was
generated by GNU Autoconf 2.69.  Invocation command line was

  CONFIG_FILES    = 
  CONFIG_HEADERS  = 
  CONFIG_LINKS    = 
  CONFIG_COMMANDS = 
  $ ./config.status 

on hatsune-R510-P510

config.status:1152: creating libmikmod-config
config.status:1152: creating libmikmod.pc
config.status:1152: creating libmikmod.spec
config.status:1152: creating Makefile
config.status:1152: creating docs/Makefile
config.status:1152: creating docs/libmikmod-config.1
config.status:1152: creating dlapi/Makefile
config.status:1152: creating drivers/Makefile
config.status:1152: creating drivers/dos/Makefile
config.status:1152: creating include/Makefile
config.status:1152: creating loaders/Makefile
config.status:1152: creating mmio/Makefile
config.status:1152: creating playercode/Makefile
config.status:1152: creating posix/Makefile
config.status:1152: creating config.h
config.status:1333: config.h is unchanged
config.status:1381: executing depfiles commands
config.status:1381: executing libtool commands

## ---------------- ##
## Cache variables. ##
## ---------------- ##

ac_cv_build=x86_64-unknown-linux-gnu
ac_cv_c_bigendian=no
ac_cv_c_compiler_gnu=yes
ac_cv_c_const=yes
ac_cv_env_CC_set=
ac_cv_env_CC_value=
ac_cv_env_CFLAGS_set=
ac_cv_env_CFLAGS_value=
ac_cv_env_CPPFLAGS_set=
ac_cv_env_CPPFLAGS_value=
ac_cv_env_CPP_set=
ac_cv_env_CPP_value=
ac_cv_env_LDFLAGS_set=
ac_cv_env_LDFLAGS_value=
ac_cv_env_LIBS_set=
ac_cv_env_LIBS_value=
ac_cv_env_PKG_CONFIG_LIBDIR_set=
ac_cv_env_PKG_CONFIG_LIBDIR_value=
ac_cv_env_PKG_CONFIG_PATH_set=
ac_cv_env_PKG_CONFIG_PATH_value=
ac_cv_env_PKG_CONFIG_set=
ac_cv_env_PKG_CONFIG_value=
ac_cv_env_SDL_CFLAGS_set=
ac_cv_env_SDL_CFLAGS_value=
ac_cv_env_SDL_LIBS_set=
ac_cv_env_SDL_LIBS_value=
ac_cv_env_XMKMF_set=
ac_cv_env_XMKMF_value=
ac_cv_env_build_alias_set=
ac_cv_env_build_alias_value=
ac_cv_env_host_alias_set=set
ac_cv_env_host_alias_value=mipsel-linux
ac_cv_env_target_alias_set=
ac_cv_env_target_alias_value=
ac_cv_func_memcmp=yes
ac_cv_func_posix_memalign=yes
ac_cv_func_setenv=yes
ac_cv_func_snprintf=yes
ac_cv_func_srandom=yes
ac_cv_func_strcasecmp=yes
ac_cv_func_strdup=yes
ac_cv_func_strstr=yes
ac_cv_header_alsa_asoundlib_h=yes
ac_cv_header_dlfcn_h=yes
ac_cv_header_fcntl_h=yes
ac_cv_header_inttypes_h=yes
ac_cv_header_limits_h=yes
ac_cv_header_machine_soundcard_h=no
ac_cv_header_malloc_h=yes
ac_cv_header_memory_h=yes
ac_cv_header_pulse_simple_h=no
ac_cv_header_soundcard_h=no
ac_cv_header_stdc=yes
ac_cv_header_stdint_h=yes
ac_cv_header_stdlib_h=yes
ac_cv_header_string_h=yes
ac_cv_header_strings_h=yes
ac_cv_header_sys_ioctl_h=yes
ac_cv_header_sys_soundcard_h=yes
ac_cv_header_sys_stat_h=yes
ac_cv_header_sys_types_h=yes
ac_cv_header_sys_wait_h=yes
ac_cv_header_unistd_h=yes
ac_cv_host=mipsel-unknown-linux-gnu
ac_cv_lib_asound_snd_pcm_open=yes
ac_cv_lib_c_dlopen=no
ac_cv_lib_dl_dlopen=yes
ac_cv_lib_m_floor=yes
ac_cv_objext=o
ac_cv_path_EGREP='/bin/grep -E'
ac_cv_path_FGREP='/bin/grep -F'
ac_cv_path_GREP=/bin/grep
ac_cv_path_SDL_CONFIG=/home/hatsune/Ndless/ndless-sdk/bin/sdl-config
ac_cv_path_SED=/bin/sed
ac_cv_path_install='/usr/bin/install -c'
ac_cv_path_lt_DD=/bin/dd
ac_cv_path_mkdir=/bin/mkdir
ac_cv_prog_AR=mipsel-linux-ar
ac_cv_prog_AWK=gawk
ac_cv_prog_CC=mipsel-linux-gcc
ac_cv_prog_CPP='mipsel-linux-gcc -E'
ac_cv_prog_DLLTOOL=dlltool
ac_cv_prog_OBJDUMP=objdump
ac_cv_prog_RANLIB=mipsel-linux-ranlib
ac_cv_prog_STRIP=mipsel-linux-strip
ac_cv_prog_ac_ct_MANIFEST_TOOL=mt
ac_cv_prog_cc_c89=
ac_cv_prog_cc_g=yes
ac_cv_prog_gcc_traditional=no
ac_cv_prog_make_make_set=yes
ac_cv_type_pid_t=yes
ac_cv_type_size_t=yes
am_cv_CC_dependencies_compiler_type=gcc3
libmikmod_cv_decl_rtld_global=yes
libmikmod_cv_dynload_underscores=no
libmikmod_cv_gcc_inline_safe=yes
libmikmod_cv_gcc_pthread=yes
libmikmod_cv_gcc_signed=yes
libmikmod_cv_gcc_visibility=yes
lt_cv_ar_at_file=@
lt_cv_archive_cmds_need_lc=no
lt_cv_deplibs_check_method=pass_all
lt_cv_file_magic_cmd='$MAGIC_CMD'
lt_cv_file_magic_test_file=
lt_cv_ld_reload_flag=-r
lt_cv_nm_interface='BSD nm'
lt_cv_objdir=.libs
lt_cv_path_LD=/home/hatsune/Documents/DEV/gcw0-toolchain/usr/mipsel-gcw0-linux-uclibc/bin/ld
lt_cv_path_NM='/home/hatsune/Documents/DEV/gcw0-toolchain/usr/bin/mipsel-linux-nm -B'
lt_cv_path_mainfest_tool=no
lt_cv_prog_compiler_c_o=yes
lt_cv_prog_compiler_pic='-fPIC -DPIC'
lt_cv_prog_compiler_pic_works=yes
lt_cv_prog_compiler_rtti_exceptions=no
lt_cv_prog_compiler_static_works=yes
lt_cv_prog_gnu_ld=yes
lt_cv_sharedlib_from_linklib_cmd='printf %s\n'
lt_cv_shlibpath_overrides_runpath=no
lt_cv_sys_global_symbol_pipe='sed -n -e '\''s/^.*[	 ]\([ABCDGIRSTW][ABCDGIRSTW]*\)[	 ][	 ]*\([_A-Za-z][_A-Za-z0-9]*\)$/\1 \2 \2/p'\'' | sed '\''/ __gnu_lto/d'\'''
lt_cv_sys_global_symbol_to_c_name_address='sed -n -e '\''s/^: \(.*\) .*$/  {"\1", (void *) 0},/p'\'' -e '\''s/^[ABCDGIRSTW][ABCDGIRSTW]* .* \(.*\)$/  {"\1", (void *) \&\1},/p'\'''
lt_cv_sys_global_symbol_to_c_name_address_lib_prefix='sed -n -e '\''s/^: \(.*\) .*$/  {"\1", (void *) 0},/p'\'' -e '\''s/^[ABCDGIRSTW][ABCDGIRSTW]* .* \(lib.*\)$/  {"\1", (void *) \&\1},/p'\'' -e '\''s/^[ABCDGIRSTW][ABCDGIRSTW]* .* \(.*\)$/  {"lib\1", (void *) \&\1},/p'\'''
lt_cv_sys_global_symbol_to_cdecl='sed -n -e '\''s/^T .* \(.*\)$/extern int \1();/p'\'' -e '\''s/^[ABCDGIRSTW][ABCDGIRSTW]* .* \(.*\)$/extern char \1;/p'\'''
lt_cv_sys_global_symbol_to_import=
lt_cv_sys_max_cmd_len=1572864
lt_cv_to_host_file_cmd=func_convert_file_noop
lt_cv_to_tool_file_cmd=func_convert_file_noop
lt_cv_truncate_bin='/bin/dd bs=4096 count=1'

## ----------------- ##
## Output variables. ##
## ----------------- ##

ACLOCAL='${SHELL} /home/hatsune/Documents/DEV/methane-1.4.8DC/source/gcw/libmikmod-3.3.7/autotools/missing --run aclocal-1.11'
AMDEPBACKSLASH='\'
AMDEP_FALSE='#'
AMDEP_TRUE=''
AMTAR='$${TAR-tar}'
AR='mipsel-linux-ar'
AS='as'
AUTOCONF='${SHELL} /home/hatsune/Documents/DEV/methane-1.4.8DC/source/gcw/libmikmod-3.3.7/autotools/missing --run autoconf'
AUTOHEADER='${SHELL} /home/hatsune/Documents/DEV/methane-1.4.8DC/source/gcw/libmikmod-3.3.7/autotools/missing --run autoheader'
AUTOMAKE='${SHELL} /home/hatsune/Documents/DEV/methane-1.4.8DC/source/gcw/libmikmod-3.3.7/autotools/missing --run automake-1.11'
AWK='gawk'
BUILD_DOCS_FALSE='#'
BUILD_DOCS_TRUE=''
CC='mipsel-linux-gcc'
CCDEPMODE='depmode=gcc3'
CFLAGS='-I/home/hatsune/Ndless/ndless-sdk//include/SDL -g -O2 -pthread -ffast-math -Wall -D_REENTRANT -DSYM_VISIBILITY -fvisibility=hidden'
CPP='mipsel-linux-gcc -E'
CPPFLAGS=''
CYGPATH_W='echo'
DEFS='-DHAVE_CONFIG_H'
DEPDIR='.deps'
DLLTOOL='dlltool'
DSYMUTIL=''
DUMPBIN=''
ECHO_C=''
ECHO_N='-n'
ECHO_T=''
EGREP='/bin/grep -E'
ESD_CFLAGS=''
ESD_CONFIG=''
ESD_LIBS=''
EXEEXT=''
FGREP='/bin/grep -F'
GREP='/bin/grep'
INSTALL_DATA='${INSTALL} -m 644'
INSTALL_PROGRAM='${INSTALL}'
INSTALL_SCRIPT='${INSTALL}'
INSTALL_STRIP_PROGRAM='$(install_sh) -c -s'
LD='/home/hatsune/Documents/DEV/gcw0-toolchain/usr/mipsel-gcw0-linux-uclibc/bin/ld'
LDFLAGS=''
LIBMIKMOD_MAJOR_VERSION='3'
LIBMIKMOD_MICRO_VERSION='7'
LIBMIKMOD_MINOR_VERSION='3'
LIBMIKMOD_VERSION='3.3.7'
LIBOBJS=''
LIBRARY_LIB=' -ldl -lSDL -lm '
LIBS=''
LIBTOOL='$(SHELL) $(top_builddir)/libtool'
LIB_LDADD='-pthread'
LIPO=''
LN_S='ln -s'
LTLIBOBJS=''
MAINT='#'
MAINTAINER_MODE_FALSE=''
MAINTAINER_MODE_TRUE='#'
MAKEINFO='${SHELL} /home/hatsune/Documents/DEV/methane-1.4.8DC/source/gcw/libmikmod-3.3.7/autotools/missing --run makeinfo'
MANIFEST_TOOL=':'
MIKMOD_LT_AGE='3'
MIKMOD_LT_CURRENT='6'
MIKMOD_LT_REVISION='0'
MKDIR_P='/bin/mkdir -p'
NM='/home/hatsune/Documents/DEV/gcw0-toolchain/usr/bin/mipsel-linux-nm -B'
NMEDIT=''
OBJDUMP='objdump'
OBJEXT='o'
OTOOL64=''
OTOOL=''
PACKAGE='libmikmod'
PACKAGE_BUGREPORT=''
PACKAGE_NAME='libmikmod'
PACKAGE_STRING='libmikmod 3.3.7'
PACKAGE_TARNAME='libmikmod'
PACKAGE_URL=''
PACKAGE_VERSION='3.3.7'
PATH_SEPARATOR=':'
PKG_CONFIG=''
PKG_CONFIG_LIBDIR=''
PKG_CONFIG_PATH=''
RANLIB='mipsel-linux-ranlib'
REENTRANT='-pthread -D_REENTRANT'
SDL2_CONFIG=''
SDL_CFLAGS='-I/home/hatsune/Ndless/ndless-sdk//include/SDL'
SDL_CONFIG='/home/hatsune/Ndless/ndless-sdk/bin/sdl-config'
SDL_LIBS='-lSDL'
SED='/bin/sed'
SET_MAKE=''
SHELL='/bin/sh'
STRIP='mipsel-linux-strip'
VERSION='3.3.7'
XMKMF=''
ac_ct_AR=''
ac_ct_CC=''
ac_ct_DUMPBIN=''
am__EXEEXT_FALSE=''
am__EXEEXT_TRUE='#'
am__fastdepCC_FALSE='#'
am__fastdepCC_TRUE=''
am__include='include'
am__isrc=''
am__leading_dot='.'
am__nodep='_no'
am__quote=''
am__tar='$${TAR-tar} chof - "$$tardir"'
am__untar='$${TAR-tar} xf -'
bindir='${exec_prefix}/bin'
build='x86_64-unknown-linux-gnu'
build_alias=''
build_cpu='x86_64'
build_os='linux-gnu'
build_vendor='unknown'
datadir='${datarootdir}'
datarootdir='${prefix}/share'
docdir='${datarootdir}/doc/${PACKAGE_TARNAME}'
dvidir='${docdir}'
exec_prefix='${prefix}'
host='mipsel-unknown-linux-gnu'
host_alias='mipsel-linux'
host_cpu='mipsel'
host_os='linux-gnu'
host_vendor='unknown'
htmldir='${docdir}'
includedir='${prefix}/include'
infodir='${datarootdir}/info'
install_sh='${SHELL} /home/hatsune/Documents/DEV/methane-1.4.8DC/source/gcw/libmikmod-3.3.7/autotools/install-sh'
libdir='${exec_prefix}/lib'
libexecdir='${exec_prefix}/libexec'
localedir='${datarootdir}/locale'
localstatedir='${prefix}/var'
mandir='${datarootdir}/man'
mkdir_p='/bin/mkdir -p'
oldincludedir='/usr/include'
pdfdir='${docdir}'
prefix='/usr/local'
program_transform_name='s,x,x,'
psdir='${docdir}'
sbindir='${exec_prefix}/sbin'
sharedstatedir='${prefix}/com'
sysconfdir='${prefix}/etc'
target_alias=''

## ----------- ##
## confdefs.h. ##
## ----------- ##

/* confdefs.h */
#define PACKAGE_NAME "libmikmod"
#define PACKAGE_TARNAME "libmikmod"
#define PACKAGE_VERSION "3.3.7"
#define PACKAGE_STRING "libmikmod 3.3.7"
#define PACKAGE_BUGREPORT ""
#define PACKAGE_URL ""
#define PACKAGE "libmikmod"
#define VERSION "3.3.7"
#define STDC_HEADERS 1
#define HAVE_SYS_TYPES_H 1
#define HAVE_SYS_STAT_H 1
#define HAVE_STDLIB_H 1
#define HAVE_STRING_H 1
#define HAVE_MEMORY_H 1
#define HAVE_STRINGS_H 1
#define HAVE_INTTYPES_H 1
#define HAVE_STDINT_H 1
#define HAVE_UNISTD_H 1
#define HAVE_DLFCN_H 1
#define LT_OBJDIR ".libs/"
#define STDC_HEADERS 1
#define HAVE_SYS_WAIT_H 1
#define HAVE_FCNTL_H 1
#define HAVE_LIMITS_H 1
#define HAVE_MALLOC_H 1
#define HAVE_MEMORY_H 1
#define HAVE_STRINGS_H 1
#define HAVE_SYS_IOCTL_H 1
#define HAVE_UNISTD_H 1
#define HAVE_POSIX_MEMALIGN 1
#define HAVE_SETENV 1
#define HAVE_SNPRINTF 1
#define HAVE_SRANDOM 1
#define HAVE_MEMCMP 1
#define HAVE_STRCASECMP 1
#define HAVE_STRDUP 1
#define HAVE_STRSTR 1
#define HAVE_DLFCN_H 1
#define HAVE_ALSA_ASOUNDLIB_H 1
#define DRV_RAW 1
#define DRV_WAV 1
#define DRV_AIFF 1
#define DRV_PIPE 1
#define DRV_STDOUT 1
#define DRV_ALSA 1
#define DRV_SDL 1
#define HAVE_SYS_SOUNDCARD_H 1
#define DRV_OSS 1
#define MIKMOD_DYNAMIC 1
#define HAVE_RTLD_GLOBAL 1
#define HAVE_PTHREAD 1

configure: exit 0
